#-----------------------------------------------------------
# Vivado v2017.2 (64-bit)
# SW Build 1909853 on Thu Jun 15 18:39:09 MDT 2017
# IP Build 1909766 on Thu Jun 15 19:58:00 MDT 2017
# Start of session at: Mon Oct 23 16:15:53 2017
# Process ID: 10264
# Current directory: D:/lab4_pt01
# Command line: vivado.exe -gui_launcher_event rodinguilauncherevent11548 D:\lab4_pt01\lab4_pt01.xpr
# Log file: D:/lab4_pt01/vivado.log
# Journal file: D:/lab4_pt01\vivado.jou
#-----------------------------------------------------------
start_gui
open_project D:/lab4_pt01/lab4_pt01.xpr
INFO: [Project 1-313] Project file moved from 'E:/lab4_pt01' since last save.
Scanning sources...
Finished scanning sources
INFO: [IP_Flow 19-234] Refreshing IP repositories
INFO: [IP_Flow 19-1704] No user IP repositories specified
INFO: [IP_Flow 19-2313] Loaded Vivado IP repository 'C:/Xilinx/Vivado/2017.2/data/ip'.
open_project: Time (s): cpu = 00:00:19 ; elapsed = 00:00:08 . Memory (MB): peak = 869.922 ; gain = 144.945
update_compile_order -fileset sources_1
exit
INFO: [Common 17-206] Exiting Vivado at Mon Oct 23 17:50:39 2017...
