#-----------------------------------------------------------
# Vivado v2017.2 (64-bit)
# SW Build 1909853 on Thu Jun 15 18:39:09 MDT 2017
# IP Build 1909766 on Thu Jun 15 19:58:00 MDT 2017
# Start of session at: Mon Oct 23 23:09:06 2017
# Process ID: 11820
# Current directory: G:/lab4_pt01
# Command line: vivado.exe -gui_launcher_event rodinguilauncherevent13964 G:\lab4_pt01\lab4_pt01.xpr
# Log file: G:/lab4_pt01/vivado.log
# Journal file: G:/lab4_pt01\vivado.jou
#-----------------------------------------------------------
start_gui
open_project G:/lab4_pt01/lab4_pt01.xpr
INFO: [Project 1-313] Project file moved from 'E:/lab4_pt01' since last save.
Scanning sources...
Finished scanning sources
INFO: [IP_Flow 19-234] Refreshing IP repositories
INFO: [IP_Flow 19-1704] No user IP repositories specified
INFO: [IP_Flow 19-2313] Loaded Vivado IP repository 'C:/Xilinx/Vivado/2017.2/data/ip'.
open_project: Time (s): cpu = 00:00:13 ; elapsed = 00:00:05 . Memory (MB): peak = 793.934 ; gain = 44.203
update_compile_order -fileset sources_1
reset_run synth_1
launch_runs impl_1 -to_step write_bitstream -jobs 4
[Mon Oct 23 23:17:35 2017] Launched synth_1...
Run output will be captured here: G:/lab4_pt01/lab4_pt01.runs/synth_1/runme.log
[Mon Oct 23 23:17:35 2017] Launched impl_1...
Run output will be captured here: G:/lab4_pt01/lab4_pt01.runs/impl_1/runme.log
exit
INFO: [Common 17-206] Exiting Vivado at Mon Oct 23 23:34:19 2017...
