Unable to capture context for thread 5504 in process 2140, can not generate back trace
Unable to capture context for thread 12428 in process 2140, can not generate back trace
Unable to capture context for thread 5772 in process 2140, can not generate back trace
Unable to capture context for thread 11608 in process 2140, can not generate back trace
Unable to capture context for thread 13060 in process 2140, can not generate back trace
Unable to capture context for thread 5652 in process 2140, can not generate back trace
Unable to capture context for thread 4752 in process 2140, can not generate back trace
Unable to capture context for thread 1852 in process 2140, can not generate back trace
Unable to capture context for thread 5472 in process 2140, can not generate back trace
Exception at PC 0x00007FFE41B3BB93
Printing stacktrace...

[0]  [0x00007FFE41B3BB93]
[1]  [0x00007FFE41B3BB93]
[2]  [0x00007FFE41B3B4A1]
[3]  [0x00007FFE41B3B459]
[4]  [0x00007FFE41B219FE]
[5]  [0x00007FFE41B20ED1]
[6]  [0x00007FFE41B20D76]
[7]  [0x00007FFE41AC79F6]
[8]  [0x00007FFE41AB7AFB]
[9]  [0x00007FFE41BDE90A]
[10]  [0x00007FFE41BF9F87]
[11]  [0x00007FFE41BFA05F]
[12] (BaseThreadInitThunk+0x14) [0x00007FFEB3532774]
[13] (RtlUserThreadStart+0x21) [0x00007FFEB4F30D51]
Done
Exception at PC 0x00007FFE41841A52
Attemped to write at address 0x00007FFE84F6ABA4
Printing stacktrace...

[0]  [0x00007FFE41841A52]
[1]  [0x00007FFE41841A52]
[2]  [0x00007FFE41841AD4]
[3]  [0x00007FFE41983FF7]
[4]  [0x00007FFE41869128]
[5]  [0x00007FFE41B1DFB9]
[6]  [0x00007FFE41CEEF23]
[7]  [0x00007FFE41BFB06B]
[8]  [0x00007FFE41BF08AF]
[9]  [0x00007FFE41BF0A32]
[10] (RtlDeactivateActivationContextUnsafeFast+0x1af) [0x00007FFEB4EE485F]
[11] (LdrShutdownProcess+0x12c) [0x00007FFEB4F0D43C]
[12] (RtlExitUserProcess+0xb4) [0x00007FFEB4F0D2F4]
[13] (FatalExit+0xa) [0x00007FFEB353C0DA]
[14] (exit+0x75) [0x00007FFEB252A045]
[15] (initterm_e+0x21d) [0x00007FFEB252A68D]
[16]  [0x00000000004014CD]
[17]  [0x000000000040151B]
[18] (BaseThreadInitThunk+0x14) [0x00007FFEB3532774]
[19] (RtlUserThreadStart+0x21) [0x00007FFEB4F30D51]
Done
