
*** Running vivado
    with args -log ila_0.vds -m64 -product Vivado -mode batch -messageDb vivado.pb -notrace -source ila_0.tcl


****** Vivado v2017.2 (64-bit)
  **** SW Build 1909853 on Thu Jun 15 18:39:09 MDT 2017
  **** IP Build 1909766 on Thu Jun 15 19:58:00 MDT 2017
    ** Copyright 1986-2017 Xilinx, Inc. All Rights Reserved.

source ila_0.tcl -notrace
Starting RTL Elaboration : Time (s): cpu = 00:00:06 ; elapsed = 00:00:07 . Memory (MB): peak = 373.977 ; gain = 103.570
INFO: [Synth 8-638] synthesizing module 'ila_0' [c:/Users/jlee167/OKPipes/lab7pipeInPipeOut/lab4_pt01.srcs/sources_1/ip/ila_0/synth/ila_0.v:84]
INFO: [Synth 8-638] synthesizing module 'CFGLUT5' [C:/Xilinx/Vivado/2017.2/scripts/rt/data/unisim_comp.v:998]
INFO: [Synth 8-256] done synthesizing module 'CFGLUT5' (8#1) [C:/Xilinx/Vivado/2017.2/scripts/rt/data/unisim_comp.v:998]
INFO: [Synth 8-638] synthesizing module 'CARRY4' [C:/Xilinx/Vivado/2017.2/scripts/rt/data/unisim_comp.v:961]
INFO: [Synth 8-256] done synthesizing module 'CARRY4' (9#1) [C:/Xilinx/Vivado/2017.2/scripts/rt/data/unisim_comp.v:961]
INFO: [Synth 8-638] synthesizing module 'SRLC32E' [C:/Xilinx/Vivado/2017.2/scripts/rt/data/unisim_comp.v:43823]
INFO: [Synth 8-256] done synthesizing module 'SRLC32E' (19#1) [C:/Xilinx/Vivado/2017.2/scripts/rt/data/unisim_comp.v:43823]
INFO: [Synth 8-638] synthesizing module 'SRL16E' [C:/Xilinx/Vivado/2017.2/scripts/rt/data/unisim_comp.v:43673]
INFO: [Synth 8-256] done synthesizing module 'SRL16E' (21#1) [C:/Xilinx/Vivado/2017.2/scripts/rt/data/unisim_comp.v:43673]
INFO: [Synth 8-638] synthesizing module 'SRLC16E' [C:/Xilinx/Vivado/2017.2/scripts/rt/data/unisim_comp.v:43762]
INFO: [Synth 8-256] done synthesizing module 'SRLC16E' (23#1) [C:/Xilinx/Vivado/2017.2/scripts/rt/data/unisim_comp.v:43762]
INFO: [Synth 8-638] synthesizing module 'FDRE' [C:/Xilinx/Vivado/2017.2/scripts/rt/data/unisim_comp.v:3964]
INFO: [Synth 8-256] done synthesizing module 'FDRE' (28#1) [C:/Xilinx/Vivado/2017.2/scripts/rt/data/unisim_comp.v:3964]
INFO: [Synth 8-256] done synthesizing module 'ila_0' (46#1) [c:/Users/jlee167/OKPipes/lab7pipeInPipeOut/lab4_pt01.srcs/sources_1/ip/ila_0/synth/ila_0.v:84]
Finished RTL Elaboration : Time (s): cpu = 00:01:03 ; elapsed = 00:01:05 . Memory (MB): peak = 687.734 ; gain = 417.328
Finished RTL Optimization Phase 1 : Time (s): cpu = 00:01:04 ; elapsed = 00:01:05 . Memory (MB): peak = 687.734 ; gain = 417.328
INFO: [Device 21-403] Loading part xc7a75tfgg484-1
Constraint Validation Runtime : Time (s): cpu = 00:00:00 ; elapsed = 00:00:00.201 . Memory (MB): peak = 758.156 ; gain = 0.000
Finished Constraint Validation : Time (s): cpu = 00:01:15 ; elapsed = 00:01:17 . Memory (MB): peak = 758.156 ; gain = 487.750
Finished Loading Part and Timing Information : Time (s): cpu = 00:01:15 ; elapsed = 00:01:17 . Memory (MB): peak = 758.156 ; gain = 487.750
Finished applying 'set_property' XDC Constraints : Time (s): cpu = 00:01:16 ; elapsed = 00:01:17 . Memory (MB): peak = 758.156 ; gain = 487.750
Finished RTL Optimization Phase 2 : Time (s): cpu = 00:01:17 ; elapsed = 00:01:19 . Memory (MB): peak = 758.156 ; gain = 487.750
Finished Cross Boundary and Area Optimization : Time (s): cpu = 00:01:23 ; elapsed = 00:01:26 . Memory (MB): peak = 758.156 ; gain = 487.750
Finished Applying XDC Timing Constraints : Time (s): cpu = 00:01:35 ; elapsed = 00:01:37 . Memory (MB): peak = 758.156 ; gain = 487.750
Finished Timing Optimization : Time (s): cpu = 00:01:35 ; elapsed = 00:01:38 . Memory (MB): peak = 758.156 ; gain = 487.750
Finished Technology Mapping : Time (s): cpu = 00:01:36 ; elapsed = 00:01:38 . Memory (MB): peak = 758.156 ; gain = 487.750
Finished IO Insertion : Time (s): cpu = 00:01:36 ; elapsed = 00:01:39 . Memory (MB): peak = 758.156 ; gain = 487.750
Finished Renaming Generated Instances : Time (s): cpu = 00:01:36 ; elapsed = 00:01:39 . Memory (MB): peak = 758.156 ; gain = 487.750
Finished Rebuilding User Hierarchy : Time (s): cpu = 00:01:37 ; elapsed = 00:01:39 . Memory (MB): peak = 758.156 ; gain = 487.750
Finished Renaming Generated Ports : Time (s): cpu = 00:01:37 ; elapsed = 00:01:39 . Memory (MB): peak = 758.156 ; gain = 487.750
Finished Handling Custom Attributes : Time (s): cpu = 00:01:37 ; elapsed = 00:01:39 . Memory (MB): peak = 758.156 ; gain = 487.750
Finished Renaming Generated Nets : Time (s): cpu = 00:01:37 ; elapsed = 00:01:39 . Memory (MB): peak = 758.156 ; gain = 487.750

Report Cell Usage: 
+------+---------+------+
|      |Cell     |Count |
+------+---------+------+
|1     |CARRY4   |    25|
|2     |CFGLUT5  |    67|
|3     |LUT1     |    35|
|4     |LUT2     |    51|
|5     |LUT3     |    78|
|6     |LUT4     |   141|
|7     |LUT5     |   139|
|8     |LUT6     |   372|
|9     |MUXF7    |    25|
|10    |RAMB36E1 |     1|
|11    |SRL16E   |    37|
|12    |SRLC16E  |     2|
|13    |SRLC32E  |    17|
|14    |FDRE     |  1318|
|15    |FDSE     |     9|
+------+---------+------+
Finished Writing Synthesis Report : Time (s): cpu = 00:01:37 ; elapsed = 00:01:39 . Memory (MB): peak = 758.156 ; gain = 487.750
synth_design: Time (s): cpu = 00:01:40 ; elapsed = 00:01:42 . Memory (MB): peak = 758.156 ; gain = 487.750
