Copyright 1986-2017 Xilinx, Inc. All Rights Reserved.
------------------------------------------------------------------------------------------------------
| Tool Version : Vivado v.2017.2 (win64) Build 1909853 Thu Jun 15 18:39:09 MDT 2017
| Date         : Thu Dec 14 04:12:46 2017
| Host         : ECEB-4022-02 running 64-bit Service Pack 1  (build 7601)
| Command      : report_clock_utilization -file pipeIn_PipeOut_framework_clock_utilization_routed.rpt
| Design       : pipeIn_PipeOut_framework
| Device       : 7a75t-fgg484
| Speed File   : -1  PRODUCTION 1.17 2017-05-11
------------------------------------------------------------------------------------------------------

Clock Utilization Report

Table of Contents
-----------------
1. Clock Primitive Utilization
2. Global Clock Resources
3. Global Clock Source Details
4. Local Clock Details
5. Clock Regions: Key Resource Utilization
6. Clock Regions : Global Clock Summary
7. Device Cell Placement Summary for Global Clock g0
8. Device Cell Placement Summary for Global Clock g1
9. Device Cell Placement Summary for Global Clock g2
10. Device Cell Placement Summary for Global Clock g3
11. Device Cell Placement Summary for Global Clock g4
12. Clock Region Cell Placement per Global Clock: Region X0Y0
13. Clock Region Cell Placement per Global Clock: Region X0Y1
14. Clock Region Cell Placement per Global Clock: Region X1Y1
15. Clock Region Cell Placement per Global Clock: Region X1Y2

1. Clock Primitive Utilization
------------------------------

+----------+------+-----------+-----+--------------+--------+
| Type     | Used | Available | LOC | Clock Region | Pblock |
+----------+------+-----------+-----+--------------+--------+
| BUFGCTRL |    5 |        32 |   0 |            0 |      0 |
| BUFH     |    0 |        96 |   0 |            0 |      0 |
| BUFIO    |    0 |        24 |   0 |            0 |      0 |
| BUFMR    |    0 |        12 |   0 |            0 |      0 |
| BUFR     |    0 |        24 |   0 |            0 |      0 |
| MMCM     |    1 |         6 |   0 |            0 |      0 |
| PLL      |    0 |         6 |   0 |            0 |      0 |
+----------+------+-----------+-----+--------------+--------+


2. Global Clock Resources
-------------------------

+-----------+-----------+-----------------+------------+---------------+--------------+-------------------+-------------+-----------------+--------------+--------------------------------------------------------------------------------------------+----------------------------------------------------------------------+------------------------------------------+
| Global Id | Source Id | Driver Type/Pin | Constraint | Site          | Clock Region | Load Clock Region | Clock Loads | Non-Clock Loads | Clock Period | Clock                                                                                      | Driver Pin                                                           | Net                                      |
+-----------+-----------+-----------------+------------+---------------+--------------+-------------------+-------------+-----------------+--------------+--------------------------------------------------------------------------------------------+----------------------------------------------------------------------+------------------------------------------+
| g0        | src0      | BUFG/O          | None       | BUFGCTRL_X0Y1 | n/a          |                 3 |        1690 |               0 |        5.000 | sys_clk                                                                                    | clk_BUFG_inst/O                                                      | clk_BUFG                                 |
| g1        | src1      | BUFG/O          | None       | BUFGCTRL_X0Y0 | n/a          |                 2 |         949 |               0 |        9.920 | mmcm0_clk0                                                                                 | hostIF/mmcm0_bufg/O                                                  | hostIF/iob_regs[31].regin0_0[0]          |
| g2        | src2      | BUFG/O          | None       | BUFGCTRL_X0Y2 | n/a          |                 1 |         435 |               0 |       33.000 | dbg_hub/inst/BSCANID.u_xsdbm_id/SWITCH_N_EXT_BSCAN.bscan_inst/SERIES7_BSCAN.bscan_inst/TCK | dbg_hub/inst/BSCANID.u_xsdbm_id/SWITCH_N_EXT_BSCAN.u_bufg_icon_tck/O | dbg_hub/inst/BSCANID.u_xsdbm_id/itck_i   |
| g3        | src3      | BUFG/O          | None       | BUFGCTRL_X0Y3 | n/a          |                 1 |          80 |               0 |              |                                                                                            | FSM_sequential_curr_state_reg[4]_i_1/O                               | FSM_sequential_curr_state_reg[4]_i_1_n_0 |
| g4        | src1      | BUFG/O          | None       | BUFGCTRL_X0Y4 | n/a          |                 1 |           1 |               0 |        9.920 | mmcm0_clkfb                                                                                | hostIF/mmcm0fb_bufg/O                                                | hostIF/mmcm0_clkfb_bufg                  |
+-----------+-----------+-----------------+------------+---------------+--------------+-------------------+-------------+-----------------+--------------+--------------------------------------------------------------------------------------------+----------------------------------------------------------------------+------------------------------------------+
* Clock Loads column represents the clock pin loads (pin count)
** Non-Clock Loads column represents the non-clock pin loads (pin count)


3. Global Clock Source Details
------------------------------

+-----------+-----------+---------------------+------------+-----------------+--------------+-------------+-----------------+---------------------+--------------------------------------------------------------------------------------------+--------------------------------------------------------------------------------------------+----------------------------------------------------------------------+
| Source Id | Global Id | Driver Type/Pin     | Constraint | Site            | Clock Region | Clock Loads | Non-Clock Loads | Source Clock Period | Source Clock                                                                               | Driver Pin                                                                                 | Net                                                                  |
+-----------+-----------+---------------------+------------+-----------------+--------------+-------------+-----------------+---------------------+--------------------------------------------------------------------------------------------+--------------------------------------------------------------------------------------------+----------------------------------------------------------------------+
| src0      | g0        | IBUFDS/O            | IOB_X0Y26  | IOB_X0Y26       | X0Y0         |           1 |               0 |               5.000 | sys_clk                                                                                    | osc_clk/O                                                                                  | clk                                                                  |
| src1      | g1        | MMCME2_ADV/CLKOUT0  | None       | MMCME2_ADV_X0Y1 | X0Y1         |           1 |               0 |               9.920 | mmcm0_clk0                                                                                 | hostIF/mmcm0/CLKOUT0                                                                       | hostIF/mmcm0_clk0                                                    |
| src1      | g4        | MMCME2_ADV/CLKFBOUT | None       | MMCME2_ADV_X0Y1 | X0Y1         |           1 |               0 |               9.920 | mmcm0_clkfb                                                                                | hostIF/mmcm0/CLKFBOUT                                                                      | hostIF/mmcm0_clkfb                                                   |
| src2      | g2        | BSCANE2/TCK         | None       | BSCAN_X0Y0      | X0Y1         |           1 |               0 |              33.000 | dbg_hub/inst/BSCANID.u_xsdbm_id/SWITCH_N_EXT_BSCAN.bscan_inst/SERIES7_BSCAN.bscan_inst/TCK | dbg_hub/inst/BSCANID.u_xsdbm_id/SWITCH_N_EXT_BSCAN.bscan_inst/SERIES7_BSCAN.bscan_inst/TCK | dbg_hub/inst/BSCANID.u_xsdbm_id/SWITCH_N_EXT_BSCAN.bscan_inst/tck_bs |
| src3      | g3        | FDRE/Q              | None       | SLICE_X50Y96    | X0Y1         |           1 |               1 |                     |                                                                                            | capmodule1/clk_div_reg/Q                                                                   | capmodule1/clk_div_reg_0                                             |
+-----------+-----------+---------------------+------------+-----------------+--------------+-------------+-----------------+---------------------+--------------------------------------------------------------------------------------------+--------------------------------------------------------------------------------------------+----------------------------------------------------------------------+
* Clock Loads column represents the clock pin loads (pin count)
** Non-Clock Loads column represents the non-clock pin loads (pin count)


4. Local Clock Details
----------------------

+----------+-----------------+------------+-------------------+--------------+-------------+-----------------+--------------+-------+---------------------------------------------------------------------+------------------------------------------------------------+
| Local Id | Driver Type/Pin | Constraint | Site/BEL          | Clock Region | Clock Loads | Non-Clock Loads | Clock Period | Clock | Driver Pin                                                          | Net                                                        |
+----------+-----------------+------------+-------------------+--------------+-------------+-----------------+--------------+-------+---------------------------------------------------------------------+------------------------------------------------------------+
| 0        | FDRE/Q          | None       | SLICE_X88Y124/AFF | X1Y2         |          15 |               3 |              |       | clk_div_reg/Q                                                       | CVM300_CLK_IN_OBUF                                         |
| 1        | FDPE/Q          | None       | SLICE_X14Y80/A5FF | X0Y1         |           1 |               6 |              |       | hostIF/core0/core0/a0/d0/lc4da648cb12eeeb24e4d199c1195ed93_reg[4]/Q | hostIF/core0/core0/a0/d0/l380f95c05ffaf9f64e84defb5d30e949 |
+----------+-----------------+------------+-------------------+--------------+-------------+-----------------+--------------+-------+---------------------------------------------------------------------+------------------------------------------------------------+
* Local Clocks in this context represents only clocks driven by non-global buffers
** Clock Loads column represents the clock pin loads (pin count)
*** Non-Clock Loads column represents the non-clock pin loads (pin count)


5. Clock Regions: Key Resource Utilization
------------------------------------------

+-------------------+--------------+--------------+--------------+--------------+--------------+--------------+--------------+--------------+--------------+--------------+--------------+--------------+--------------+--------------+--------------+
|                   | Global Clock |     BUFRs    |    BUFMRs    |    BUFIOs    |     MMCM     |      PLL     |      GT      |      PCI     |    ILOGIC    |    OLOGIC    |      FF      |     LUTM     |    RAMB18    |    RAMB36    |    DSP48E2   |
+-------------------+------+-------+------+-------+------+-------+------+-------+------+-------+------+-------+------+-------+------+-------+------+-------+------+-------+------+-------+------+-------+------+-------+------+-------+------+-------+
| Clock Region Name | Used | Avail | Used | Avail | Used | Avail | Used | Avail | Used | Avail | Used | Avail | Used | Avail | Used | Avail | Used | Avail | Used | Avail | Used | Avail | Used | Avail | Used | Avail | Used | Avail | Used | Avail |
+-------------------+------+-------+------+-------+------+-------+------+-------+------+-------+------+-------+------+-------+------+-------+------+-------+------+-------+------+-------+------+-------+------+-------+------+-------+------+-------+
| X0Y0              |    1 |    12 |    0 |     4 |    0 |     2 |    0 |     4 |    0 |     1 |    0 |     1 |    0 |     0 |    0 |     0 |    0 |    50 |    0 |    50 |   95 |  2600 |   51 |   600 |    0 |    20 |    0 |    10 |    0 |    20 |
| X1Y0              |    0 |    12 |    0 |     0 |    0 |     0 |    0 |     0 |    0 |     0 |    0 |     0 |    0 |     4 |    0 |     0 |    0 |     0 |    0 |     0 |    0 |  1500 |    0 |   550 |    0 |    40 |    0 |    20 |    0 |    40 |
| X0Y1              |    3 |    12 |    0 |     4 |    0 |     2 |    0 |     4 |    1 |     1 |    0 |     1 |    0 |     0 |    0 |     0 |   36 |    50 |   66 |    50 |  857 |  2000 |  289 |   600 |    0 |    20 |    1 |    10 |    0 |    20 |
| X1Y1              |    1 |    12 |    0 |     4 |    0 |     2 |    0 |     4 |    0 |     1 |    0 |     1 |    0 |     0 |    0 |     0 |    0 |    50 |    0 |    50 |  426 |  1900 |  170 |   650 |    0 |    60 |    1 |    30 |    0 |    40 |
| X0Y2              |    0 |    12 |    0 |     4 |    0 |     2 |    0 |     4 |    0 |     1 |    0 |     1 |    0 |     0 |    0 |     0 |    0 |    50 |    0 |    50 |    0 |  2000 |    0 |   600 |    0 |    20 |    0 |    10 |    0 |    20 |
| X1Y2              |    3 |    12 |    0 |     4 |    0 |     2 |    0 |     4 |    0 |     1 |    0 |     1 |    0 |     0 |    0 |     0 |    0 |    50 |    0 |    50 | 1641 |  1900 |  544 |   650 |    0 |    60 |    0 |    30 |    0 |    40 |
| X0Y3              |    0 |    12 |    0 |     4 |    0 |     2 |    0 |     4 |    0 |     1 |    0 |     1 |    0 |     0 |    0 |     0 |    0 |    50 |    0 |    50 |    0 |  2600 |    0 |   600 |    0 |    20 |    0 |    10 |    0 |    20 |
| X1Y3              |    0 |    12 |    0 |     0 |    0 |     0 |    0 |     0 |    0 |     0 |    0 |     0 |    0 |     4 |    0 |     1 |    0 |     0 |    0 |     0 |    0 |  1350 |    0 |   500 |    0 |    30 |    0 |    15 |    0 |    40 |
+-------------------+------+-------+------+-------+------+-------+------+-------+------+-------+------+-------+------+-------+------+-------+------+-------+------+-------+------+-------+------+-------+------+-------+------+-------+------+-------+
* Global Clock column represents track count; while other columns represents cell counts


6. Clock Regions : Global Clock Summary
---------------------------------------

+----+----+----+
|    | X0 | X1 |
+----+----+----+
| Y3 |  0 |  0 |
| Y2 |  0 |  3 |
| Y1 |  3 |  1 |
| Y0 |  1 |  0 |
+----+----+----+


7. Device Cell Placement Summary for Global Clock g0
----------------------------------------------------

+-----------+-----------------+-------------------+---------+-------------+---------------+-------------+----------+----------------+----------+----------+
| Global Id | Driver Type/Pin | Driver Region (D) | Clock   | Period (ns) | Waveform (ns) | Slice Loads | IO Loads | Clocking Loads | GT Loads | Net      |
+-----------+-----------------+-------------------+---------+-------------+---------------+-------------+----------+----------------+----------+----------+
| g0        | BUFG/O          | n/a               | sys_clk |       5.000 | {0.000 2.500} |        1630 |        0 |              0 |        0 | clk_BUFG |
+-----------+-----------------+-------------------+---------+-------------+---------------+-------------+----------+----------------+----------+----------+
* Logic Loads column represents load cell count of all cell types other than IO, GT and clock resources
** IO Loads column represents load cell count of IO types
*** Clocking Loads column represents load cell count that are clock resources (global clock buffer, MMCM, PLL, etc)
**** GT Loads column represents load cell count of GT types


+----+-----+-------+
|    | X0  | X1    |
+----+-----+-------+
| Y3 |   0 |     0 |
| Y2 |   0 |  1159 |
| Y1 |  21 |   450 |
| Y0 |   0 |     0 |
+----+-----+-------+


8. Device Cell Placement Summary for Global Clock g1
----------------------------------------------------

+-----------+-----------------+-------------------+------------+-------------+---------------+-------------+----------+----------------+----------+---------------------------------+
| Global Id | Driver Type/Pin | Driver Region (D) | Clock      | Period (ns) | Waveform (ns) | Slice Loads | IO Loads | Clocking Loads | GT Loads | Net                             |
+-----------+-----------------+-------------------+------------+-------------+---------------+-------------+----------+----------------+----------+---------------------------------+
| g1        | BUFG/O          | n/a               | mmcm0_clk0 |       9.920 | {1.488 6.448} |         935 |        0 |              0 |        0 | hostIF/iob_regs[31].regin0_0[0] |
+-----------+-----------------+-------------------+------------+-------------+---------------+-------------+----------+----------------+----------+---------------------------------+
* Logic Loads column represents load cell count of all cell types other than IO, GT and clock resources
** IO Loads column represents load cell count of IO types
*** Clocking Loads column represents load cell count that are clock resources (global clock buffer, MMCM, PLL, etc)
**** GT Loads column represents load cell count of GT types


+----+------+----+
|    | X0   | X1 |
+----+------+----+
| Y3 |    0 |  0 |
| Y2 |    0 |  0 |
| Y1 |  839 |  0 |
| Y0 |   96 |  0 |
+----+------+----+


9. Device Cell Placement Summary for Global Clock g2
----------------------------------------------------

+-----------+-----------------+-------------------+--------------------------------------------------------------------------------------------+-------------+----------------+-------------+----------+----------------+----------+----------------------------------------+
| Global Id | Driver Type/Pin | Driver Region (D) | Clock                                                                                      | Period (ns) | Waveform (ns)  | Slice Loads | IO Loads | Clocking Loads | GT Loads | Net                                    |
+-----------+-----------------+-------------------+--------------------------------------------------------------------------------------------+-------------+----------------+-------------+----------+----------------+----------+----------------------------------------+
| g2        | BUFG/O          | n/a               | dbg_hub/inst/BSCANID.u_xsdbm_id/SWITCH_N_EXT_BSCAN.bscan_inst/SERIES7_BSCAN.bscan_inst/TCK |      33.000 | {0.000 16.500} |         432 |        0 |              0 |        0 | dbg_hub/inst/BSCANID.u_xsdbm_id/itck_i |
+-----------+-----------------+-------------------+--------------------------------------------------------------------------------------------+-------------+----------------+-------------+----------+----------------+----------+----------------------------------------+
* Logic Loads column represents load cell count of all cell types other than IO, GT and clock resources
** IO Loads column represents load cell count of IO types
*** Clocking Loads column represents load cell count that are clock resources (global clock buffer, MMCM, PLL, etc)
**** GT Loads column represents load cell count of GT types


+----+----+------+
|    | X0 | X1   |
+----+----+------+
| Y3 |  0 |    0 |
| Y2 |  0 |  432 |
| Y1 |  0 |    0 |
| Y0 |  0 |    0 |
+----+----+------+


10. Device Cell Placement Summary for Global Clock g3
-----------------------------------------------------

+-----------+-----------------+-------------------+-------+-------------+---------------+-------------+----------+----------------+----------+------------------------------------------+
| Global Id | Driver Type/Pin | Driver Region (D) | Clock | Period (ns) | Waveform (ns) | Slice Loads | IO Loads | Clocking Loads | GT Loads | Net                                      |
+-----------+-----------------+-------------------+-------+-------------+---------------+-------------+----------+----------------+----------+------------------------------------------+
| g3        | BUFG/O          | n/a               |       |             |               |          80 |        0 |              0 |        0 | FSM_sequential_curr_state_reg[4]_i_1_n_0 |
+-----------+-----------------+-------------------+-------+-------------+---------------+-------------+----------+----------------+----------+------------------------------------------+
* Logic Loads column represents load cell count of all cell types other than IO, GT and clock resources
** IO Loads column represents load cell count of IO types
*** Clocking Loads column represents load cell count that are clock resources (global clock buffer, MMCM, PLL, etc)
**** GT Loads column represents load cell count of GT types


+----+----+-----+
|    | X0 | X1  |
+----+----+-----+
| Y3 |  0 |   0 |
| Y2 |  0 |  80 |
| Y1 |  0 |   0 |
| Y0 |  0 |   0 |
+----+----+-----+


11. Device Cell Placement Summary for Global Clock g4
-----------------------------------------------------

+-----------+-----------------+-------------------+-------------+-------------+---------------+-------------+----------+----------------+----------+-------------------------+
| Global Id | Driver Type/Pin | Driver Region (D) | Clock       | Period (ns) | Waveform (ns) | Slice Loads | IO Loads | Clocking Loads | GT Loads | Net                     |
+-----------+-----------------+-------------------+-------------+-------------+---------------+-------------+----------+----------------+----------+-------------------------+
| g4        | BUFG/O          | n/a               | mmcm0_clkfb |       9.920 | {0.000 4.960} |           0 |        0 |              1 |        0 | hostIF/mmcm0_clkfb_bufg |
+-----------+-----------------+-------------------+-------------+-------------+---------------+-------------+----------+----------------+----------+-------------------------+
* Logic Loads column represents load cell count of all cell types other than IO, GT and clock resources
** IO Loads column represents load cell count of IO types
*** Clocking Loads column represents load cell count that are clock resources (global clock buffer, MMCM, PLL, etc)
**** GT Loads column represents load cell count of GT types


+----+----+----+
|    | X0 | X1 |
+----+----+----+
| Y3 |  0 |  0 |
| Y2 |  0 |  0 |
| Y1 |  1 |  0 |
| Y0 |  0 |  0 |
+----+----+----+


12. Clock Region Cell Placement per Global Clock: Region X0Y0
-------------------------------------------------------------

+-----------+-------+-----------------+------------+-------------+-----------------+----+--------+------+-----+----+------+-----+---------+---------------------------------+
| Global Id | Track | Driver Type/Pin | Constraint | Clock Loads | Non-Clock Loads | FF | LUTRAM | RAMB | DSP | GT | MMCM | PLL | Hard IP | Net                             |
+-----------+-------+-----------------+------------+-------------+-----------------+----+--------+------+-----+----+------+-----+---------+---------------------------------+
| g1        | n/a   | BUFG/O          | None       |          96 |               0 | 95 |      0 |    0 |   0 |  0 |    0 |   0 |       0 | hostIF/iob_regs[31].regin0_0[0] |
+-----------+-------+-----------------+------------+-------------+-----------------+----+--------+------+-----+----+------+-----+---------+---------------------------------+
* Clock Loads column represents the clock pin loads (pin count)
** Non-Clock Loads column represents the non-clock pin loads (pin count)
*** Columns FF, LUTRAM, RAMB through 'Hard IP' represents load cell counts


13. Clock Region Cell Placement per Global Clock: Region X0Y1
-------------------------------------------------------------

+-----------+-------+-----------------+------------+-------------+-----------------+-----+--------+------+-----+----+------+-----+---------+---------------------------------+
| Global Id | Track | Driver Type/Pin | Constraint | Clock Loads | Non-Clock Loads | FF  | LUTRAM | RAMB | DSP | GT | MMCM | PLL | Hard IP | Net                             |
+-----------+-------+-----------------+------------+-------------+-----------------+-----+--------+------+-----+----+------+-----+---------+---------------------------------+
| g0        | n/a   | BUFG/O          | None       |          21 |               0 |  21 |      0 |    0 |   0 |  0 |    0 |   0 |       0 | clk_BUFG                        |
| g1        | n/a   | BUFG/O          | None       |         839 |               0 | 836 |      0 |    1 |   0 |  0 |    0 |   0 |       0 | hostIF/iob_regs[31].regin0_0[0] |
| g4        | n/a   | BUFG/O          | None       |           1 |               0 |   0 |      0 |    0 |   0 |  0 |    1 |   0 |       0 | hostIF/mmcm0_clkfb_bufg         |
+-----------+-------+-----------------+------------+-------------+-----------------+-----+--------+------+-----+----+------+-----+---------+---------------------------------+
* Clock Loads column represents the clock pin loads (pin count)
** Non-Clock Loads column represents the non-clock pin loads (pin count)
*** Columns FF, LUTRAM, RAMB through 'Hard IP' represents load cell counts


14. Clock Region Cell Placement per Global Clock: Region X1Y1
-------------------------------------------------------------

+-----------+-------+-----------------+------------+-------------+-----------------+-----+--------+------+-----+----+------+-----+---------+----------+
| Global Id | Track | Driver Type/Pin | Constraint | Clock Loads | Non-Clock Loads | FF  | LUTRAM | RAMB | DSP | GT | MMCM | PLL | Hard IP | Net      |
+-----------+-------+-----------------+------------+-------------+-----------------+-----+--------+------+-----+----+------+-----+---------+----------+
| g0        | n/a   | BUFG/O          | None       |         450 |               0 | 411 |     38 |    1 |   0 |  0 |    0 |   0 |       0 | clk_BUFG |
+-----------+-------+-----------------+------------+-------------+-----------------+-----+--------+------+-----+----+------+-----+---------+----------+
* Clock Loads column represents the clock pin loads (pin count)
** Non-Clock Loads column represents the non-clock pin loads (pin count)
*** Columns FF, LUTRAM, RAMB through 'Hard IP' represents load cell counts


15. Clock Region Cell Placement per Global Clock: Region X1Y2
-------------------------------------------------------------

+-----------+-------+-----------------+------------+-------------+-----------------+------+--------+------+-----+----+------+-----+---------+------------------------------------------+
| Global Id | Track | Driver Type/Pin | Constraint | Clock Loads | Non-Clock Loads | FF   | LUTRAM | RAMB | DSP | GT | MMCM | PLL | Hard IP | Net                                      |
+-----------+-------+-----------------+------------+-------------+-----------------+------+--------+------+-----+----+------+-----+---------+------------------------------------------+
| g0        | n/a   | BUFG/O          | None       |        1159 |               0 | 1130 |     29 |    0 |   0 |  0 |    0 |   0 |       0 | clk_BUFG                                 |
| g2        | n/a   | BUFG/O          | None       |         432 |               0 |  432 |      0 |    0 |   0 |  0 |    0 |   0 |       0 | dbg_hub/inst/BSCANID.u_xsdbm_id/itck_i   |
| g3        | n/a   | BUFG/O          | None       |          80 |               0 |   79 |      1 |    0 |   0 |  0 |    0 |   0 |       0 | FSM_sequential_curr_state_reg[4]_i_1_n_0 |
+-----------+-------+-----------------+------------+-------------+-----------------+------+--------+------+-----+----+------+-----+---------+------------------------------------------+
* Clock Loads column represents the clock pin loads (pin count)
** Non-Clock Loads column represents the non-clock pin loads (pin count)
*** Columns FF, LUTRAM, RAMB through 'Hard IP' represents load cell counts



# Location of BUFG Primitives 
set_property LOC BUFGCTRL_X0Y4 [get_cells hostIF/mmcm0fb_bufg]
set_property LOC BUFGCTRL_X0Y0 [get_cells hostIF/mmcm0_bufg]
set_property LOC BUFGCTRL_X0Y2 [get_cells dbg_hub/inst/BSCANID.u_xsdbm_id/SWITCH_N_EXT_BSCAN.u_bufg_icon_tck]
set_property LOC BUFGCTRL_X0Y1 [get_cells clk_BUFG_inst]
set_property LOC BUFGCTRL_X0Y3 [get_cells FSM_sequential_curr_state_reg[4]_i_1]

# Location of IO Primitives which is load of clock spine

# Location of clock ports
set_property LOC IOB_X0Y76 [get_ports okUH[0]]
set_property LOC IOB_X0Y25 [get_ports sys_clkn]
set_property LOC IOB_X0Y26 [get_ports sys_clkp]

# Clock net "hostIF/iob_regs[31].regin0_0[0]" driven by instance "hostIF/mmcm0_bufg" located at site "BUFGCTRL_X0Y0"
#startgroup
create_pblock {CLKAG_hostIF/iob_regs[31].regin0_0[0]}
add_cells_to_pblock [get_pblocks  {CLKAG_hostIF/iob_regs[31].regin0_0[0]}] [get_cells -filter { PRIMITIVE_GROUP != I/O && IS_PRIMITIVE==1 && PRIMITIVE_LEVEL !=INTERNAL } -of_object [get_pins -filter {DIRECTION==IN} -of_objects [get_nets -hierarchical -filter {PARENT=="hostIF/iob_regs[31].regin0_0[0]"}]]]
resize_pblock [get_pblocks {CLKAG_hostIF/iob_regs[31].regin0_0[0]}] -add {CLOCKREGION_X0Y0:CLOCKREGION_X0Y0 CLOCKREGION_X0Y1:CLOCKREGION_X0Y1}
#endgroup

# Clock net "dbg_hub/inst/BSCANID.u_xsdbm_id/itck_i" driven by instance "dbg_hub/inst/BSCANID.u_xsdbm_id/SWITCH_N_EXT_BSCAN.u_bufg_icon_tck" located at site "BUFGCTRL_X0Y2"
#startgroup
create_pblock {CLKAG_dbg_hub/inst/BSCANID.u_xsdbm_id/itck_i}
add_cells_to_pblock [get_pblocks  {CLKAG_dbg_hub/inst/BSCANID.u_xsdbm_id/itck_i}] [get_cells -filter { PRIMITIVE_GROUP != I/O && IS_PRIMITIVE==1 && PRIMITIVE_LEVEL !=INTERNAL } -of_object [get_pins -filter {DIRECTION==IN} -of_objects [get_nets -hierarchical -filter {PARENT=="dbg_hub/inst/BSCANID.u_xsdbm_id/itck_i"}]]]
resize_pblock [get_pblocks {CLKAG_dbg_hub/inst/BSCANID.u_xsdbm_id/itck_i}] -add {CLOCKREGION_X1Y2:CLOCKREGION_X1Y2}
#endgroup

# Clock net "clk_BUFG" driven by instance "clk_BUFG_inst" located at site "BUFGCTRL_X0Y1"
#startgroup
create_pblock {CLKAG_clk_BUFG}
add_cells_to_pblock [get_pblocks  {CLKAG_clk_BUFG}] [get_cells -filter { PRIMITIVE_GROUP != I/O && IS_PRIMITIVE==1 && PRIMITIVE_LEVEL !=INTERNAL } -of_object [get_pins -filter {DIRECTION==IN} -of_objects [get_nets -hierarchical -filter {PARENT=="clk_BUFG"}]]]
resize_pblock [get_pblocks {CLKAG_clk_BUFG}] -add {CLOCKREGION_X0Y1:CLOCKREGION_X0Y1 CLOCKREGION_X1Y1:CLOCKREGION_X1Y1 CLOCKREGION_X1Y2:CLOCKREGION_X1Y2}
#endgroup

# Clock net "FSM_sequential_curr_state_reg[4]_i_1_n_0" driven by instance "FSM_sequential_curr_state_reg[4]_i_1" located at site "BUFGCTRL_X0Y3"
#startgroup
create_pblock {CLKAG_FSM_sequential_curr_state_reg[4]_i_1_n_0}
add_cells_to_pblock [get_pblocks  {CLKAG_FSM_sequential_curr_state_reg[4]_i_1_n_0}] [get_cells -filter { PRIMITIVE_GROUP != I/O && IS_PRIMITIVE==1 && PRIMITIVE_LEVEL !=INTERNAL } -of_object [get_pins -filter {DIRECTION==IN} -of_objects [get_nets -hierarchical -filter {PARENT=="FSM_sequential_curr_state_reg[4]_i_1_n_0"}]]]
resize_pblock [get_pblocks {CLKAG_FSM_sequential_curr_state_reg[4]_i_1_n_0}] -add {CLOCKREGION_X1Y2:CLOCKREGION_X1Y2}
#endgroup
